[0;34m🚀 Iniciando deploy do Ticket Metal para Google Cloud Run[0m
[0;34mProjeto: mnd-midias[0m
[0;34mRegião: us-central1[0m

[0;34m📋 Configurando projeto...[0m
Updated property [core/project].
[0;34m🔧 Habilitando APIs necessárias...[0m
[0;34m🐳 Configurando Docker...[0m
WARNING: Your config file at [/Users/samueldias/.docker/config.json] contains these credential helper entries:

{
  "credHelpers": {
    "asia.gcr.io": "gcloud",
    "eu.gcr.io": "gcloud",
    "gcr.io": "gcloud",
    "marketplace.gcr.io": "gcloud",
    "staging-k8s.gcr.io": "gcloud",
    "us.gcr.io": "gcloud"
  }
}
Adding credentials for all GCR repositories.
WARNING: A long list of credential helpers may cause delays running 'docker build'. We recommend passing the registry name to configure only the registry you are using.
gcloud credential helpers already registered correctly.
[0;32m✅ Configuração inicial concluída![0m

[0;34m🔧 Deploy do Backend...[0m
[1;33m📦 Construindo imagem do backend...[0m
#0 building with "desktop-linux" instance using docker driver

#1 [internal] load build definition from Dockerfile.prod
#1 transferring dockerfile: 909B done
#1 DONE 0.0s

#2 [internal] load metadata for docker.io/library/python:3.11-slim
#2 DONE 0.6s

#3 [internal] load .dockerignore
#3 transferring context: 2B done
#3 DONE 0.0s

#4 [1/7] FROM docker.io/library/python:3.11-slim@sha256:8eb5fc663972b871c528fef04be4eaa9ab8ab4539a5316c4b8c133771214a617
#4 resolve docker.io/library/python:3.11-slim@sha256:8eb5fc663972b871c528fef04be4eaa9ab8ab4539a5316c4b8c133771214a617 done
#4 DONE 0.0s

#5 [internal] load build context
#5 transferring context: 1.18kB done
#5 DONE 0.0s

#6 [3/7] WORKDIR /app
#6 CACHED

#7 [4/7] COPY requirements.txt .
#7 CACHED

#8 [2/7] RUN apt-get update && apt-get install -y     gcc     && rm -rf /var/lib/apt/lists/*
#8 CACHED

#9 [5/7] RUN pip install --no-cache-dir -r requirements.txt
#9 CACHED

#10 [6/7] COPY . .
#10 DONE 0.0s

#11 [7/7] RUN adduser --disabled-password --gecos '' appuser && chown -R appuser:appuser /app
#11 0.736 usermod: no changes
#11 DONE 0.8s

#12 exporting to image
#12 exporting layers 0.1s done
#12 exporting manifest sha256:5c485d77a4b3e221fd340441efc3046e3ed3865d267b1aba453f784080dc0474 done
#12 exporting config sha256:10d653a439cf35ded3732ff9e43c8653d7fdd6f4bbe8e1db60363e570a4b90b5 done
#12 exporting attestation manifest sha256:5f6d7229ff5ff61c7e95b2281b3d9dd884d8832781ec460a4e6ef7df800b7476 done
#12 exporting manifest list sha256:e170c56b8dae526a4dfba091b7c86368eebefc918b554580cb473c3ff38b3e80 done
#12 naming to gcr.io/mnd-midias/ticketmetal-backend:latest done
#12 DONE 0.1s
[1;33m📤 Enviando imagem para registry...[0m
The push refers to repository [gcr.io/mnd-midias/ticketmetal-backend]
e1901d1220f5: Waiting
049c2a933f78: Waiting
9c672fe01fd6: Waiting
9b1ee4741f1f: Waiting
a9ffe18d7fdb: Waiting
e73850a50582: Waiting
38513bd72563: Waiting
d198952870b3: Waiting
6d6faaf4d50c: Waiting
19fb8589da02: Waiting
1be223b541b1: Waiting
e1901d1220f5: Waiting
049c2a933f78: Waiting
9c672fe01fd6: Waiting
9b1ee4741f1f: Waiting
a9ffe18d7fdb: Waiting
e73850a50582: Waiting
38513bd72563: Waiting
d198952870b3: Waiting
6d6faaf4d50c: Waiting
19fb8589da02: Waiting
1be223b541b1: Waiting
38513bd72563: Waiting
d198952870b3: Waiting
6d6faaf4d50c: Waiting
19fb8589da02: Waiting
1be223b541b1: Waiting
e73850a50582: Waiting
049c2a933f78: Waiting
9c672fe01fd6: Waiting
9b1ee4741f1f: Waiting
a9ffe18d7fdb: Waiting
e1901d1220f5: Waiting
049c2a933f78: Waiting
9c672fe01fd6: Waiting
9b1ee4741f1f: Waiting
a9ffe18d7fdb: Waiting
e1901d1220f5: Waiting
d198952870b3: Waiting
6d6faaf4d50c: Waiting
19fb8589da02: Waiting
1be223b541b1: Waiting
e73850a50582: Waiting
38513bd72563: Waiting
9c672fe01fd6: Waiting
9b1ee4741f1f: Waiting
a9ffe18d7fdb: Waiting
e1901d1220f5: Waiting
049c2a933f78: Waiting
6d6faaf4d50c: Waiting
19fb8589da02: Waiting
1be223b541b1: Waiting
e73850a50582: Waiting
38513bd72563: Waiting
d198952870b3: Waiting
049c2a933f78: Waiting
9c672fe01fd6: Waiting
9b1ee4741f1f: Waiting
a9ffe18d7fdb: Waiting
e1901d1220f5: Waiting
d198952870b3: Waiting
6d6faaf4d50c: Waiting
19fb8589da02: Waiting
1be223b541b1: Waiting
e73850a50582: Waiting
38513bd72563: Waiting
d198952870b3: Waiting
6d6faaf4d50c: Waiting
19fb8589da02: Waiting
1be223b541b1: Waiting
e73850a50582: Waiting
38513bd72563: Waiting
049c2a933f78: Waiting
9c672fe01fd6: Waiting
9b1ee4741f1f: Waiting
a9ffe18d7fdb: Waiting
e1901d1220f5: Waiting
049c2a933f78: Waiting
9c672fe01fd6: Waiting
9b1ee4741f1f: Waiting
a9ffe18d7fdb: Waiting
e1901d1220f5: Waiting
d198952870b3: Waiting
6d6faaf4d50c: Waiting
19fb8589da02: Waiting
1be223b541b1: Waiting
e73850a50582: Waiting
38513bd72563: Waiting
9b1ee4741f1f: Waiting
a9ffe18d7fdb: Waiting
e1901d1220f5: Waiting
049c2a933f78: Waiting
9c672fe01fd6: Waiting
19fb8589da02: Waiting
1be223b541b1: Waiting
e73850a50582: Waiting
38513bd72563: Waiting
d198952870b3: Waiting
6d6faaf4d50c: Waiting
d198952870b3: Waiting
6d6faaf4d50c: Waiting
19fb8589da02: Waiting
1be223b541b1: Waiting
e73850a50582: Waiting
38513bd72563: Waiting
049c2a933f78: Waiting
9c672fe01fd6: Waiting
9b1ee4741f1f: Waiting
a9ffe18d7fdb: Waiting
e1901d1220f5: Waiting
d198952870b3: Waiting
6d6faaf4d50c: Waiting
19fb8589da02: Waiting
1be223b541b1: Waiting
e73850a50582: Waiting
38513bd72563: Waiting
049c2a933f78: Waiting
9c672fe01fd6: Waiting
9b1ee4741f1f: Waiting
a9ffe18d7fdb: Waiting
e1901d1220f5: Waiting
19fb8589da02: Waiting
1be223b541b1: Waiting
e73850a50582: Waiting
38513bd72563: Waiting
d198952870b3: Waiting
6d6faaf4d50c: Waiting
9b1ee4741f1f: Waiting
a9ffe18d7fdb: Waiting
e1901d1220f5: Waiting
049c2a933f78: Waiting
9c672fe01fd6: Waiting
d198952870b3: Waiting
6d6faaf4d50c: Waiting
19fb8589da02: Waiting
1be223b541b1: Waiting
e73850a50582: Waiting
38513bd72563: Waiting
049c2a933f78: Waiting
9c672fe01fd6: Waiting
9b1ee4741f1f: Waiting
a9ffe18d7fdb: Waiting
e1901d1220f5: Waiting
a9ffe18d7fdb: Waiting
e1901d1220f5: Waiting
049c2a933f78: Waiting
9c672fe01fd6: Waiting
9b1ee4741f1f: Waiting
1be223b541b1: Waiting
e73850a50582: Waiting
38513bd72563: Waiting
d198952870b3: Waiting
6d6faaf4d50c: Waiting
19fb8589da02: Waiting
9c672fe01fd6: Waiting
9b1ee4741f1f: Waiting
a9ffe18d7fdb: Waiting
e1901d1220f5: Waiting
049c2a933f78: Waiting
6d6faaf4d50c: Waiting
19fb8589da02: Waiting
1be223b541b1: Waiting
e73850a50582: Waiting
38513bd72563: Waiting
d198952870b3: Waiting
e73850a50582: Waiting
38513bd72563: Waiting
d198952870b3: Waiting
6d6faaf4d50c: Waiting
19fb8589da02: Waiting
1be223b541b1: Waiting
e1901d1220f5: Waiting
049c2a933f78: Waiting
9c672fe01fd6: Waiting
9b1ee4741f1f: Waiting
a9ffe18d7fdb: Waiting
38513bd72563: Waiting
d198952870b3: Waiting
6d6faaf4d50c: Waiting
19fb8589da02: Waiting
1be223b541b1: Waiting
e73850a50582: Waiting
049c2a933f78: Waiting
9c672fe01fd6: Waiting
9b1ee4741f1f: Waiting
a9ffe18d7fdb: Waiting
e1901d1220f5: Waiting
049c2a933f78: Waiting
9c672fe01fd6: Waiting
9b1ee4741f1f: Waiting
a9ffe18d7fdb: Waiting
e1901d1220f5: Waiting
38513bd72563: Waiting
d198952870b3: Waiting
6d6faaf4d50c: Waiting
19fb8589da02: Waiting
1be223b541b1: Waiting
e73850a50582: Waiting
d198952870b3: Waiting
6d6faaf4d50c: Waiting
19fb8589da02: Waiting
1be223b541b1: Waiting
e73850a50582: Waiting
38513bd72563: Waiting
049c2a933f78: Waiting
9c672fe01fd6: Waiting
9b1ee4741f1f: Waiting
a9ffe18d7fdb: Waiting
e1901d1220f5: Waiting
d198952870b3: Waiting
6d6faaf4d50c: Waiting
19fb8589da02: Waiting
1be223b541b1: Waiting
e73850a50582: Waiting
38513bd72563: Waiting
049c2a933f78: Waiting
9c672fe01fd6: Waiting
9b1ee4741f1f: Waiting
a9ffe18d7fdb: Waiting
e1901d1220f5: Waiting
049c2a933f78: Waiting
9c672fe01fd6: Waiting
9b1ee4741f1f: Waiting
a9ffe18d7fdb: Waiting
e1901d1220f5: Waiting
d198952870b3: Waiting
6d6faaf4d50c: Waiting
19fb8589da02: Waiting
1be223b541b1: Waiting
e73850a50582: Waiting
38513bd72563: Waiting
6d6faaf4d50c: Waiting
19fb8589da02: Waiting
1be223b541b1: Waiting
e73850a50582: Waiting
38513bd72563: Waiting
d198952870b3: Waiting
9c672fe01fd6: Waiting
9b1ee4741f1f: Waiting
a9ffe18d7fdb: Waiting
e1901d1220f5: Waiting
049c2a933f78: Waiting
19fb8589da02: Waiting
1be223b541b1: Waiting
e73850a50582: Waiting
38513bd72563: Waiting
d198952870b3: Waiting
6d6faaf4d50c: Waiting
9b1ee4741f1f: Waiting
a9ffe18d7fdb: Waiting
e1901d1220f5: Waiting
049c2a933f78: Waiting
9c672fe01fd6: Waiting
e1901d1220f5: Waiting
049c2a933f78: Waiting
9c672fe01fd6: Waiting
9b1ee4741f1f: Layer already exists
a9ffe18d7fdb: Layer already exists
e73850a50582: Waiting
38513bd72563: Layer already exists
d198952870b3: Layer already exists
6d6faaf4d50c: Layer already exists
19fb8589da02: Waiting
1be223b541b1: Waiting
19fb8589da02: Waiting
1be223b541b1: Waiting
e73850a50582: Waiting
049c2a933f78: Waiting
9c672fe01fd6: Waiting
e1901d1220f5: Waiting
19fb8589da02: Waiting
1be223b541b1: Waiting
e73850a50582: Waiting
049c2a933f78: Waiting
9c672fe01fd6: Waiting
e1901d1220f5: Waiting
9c672fe01fd6: Waiting
e1901d1220f5: Waiting
19fb8589da02: Waiting
1be223b541b1: Layer already exists
e73850a50582: Layer already exists
19fb8589da02: Waiting
9c672fe01fd6: Waiting
e1901d1220f5: Waiting
e1901d1220f5: Layer already exists
9c672fe01fd6: Waiting
19fb8589da02: Layer already exists
9c672fe01fd6: Waiting
9c672fe01fd6: Waiting
049c2a933f78: Pushed
9c672fe01fd6: Pushed
latest: digest: sha256:e170c56b8dae526a4dfba091b7c86368eebefc918b554580cb473c3ff38b3e80 size: 856
[1;33m🚀 Deployando para Cloud Run...[0m
Deploying container to Cloud Run service [ticketmetal-backend] in project [mnd-midias] region [us-central1]
Deploying...
Setting IAM Policy..........................done
Creating Revision.........................................................................................................................done
Routing traffic.....done
Done.
Service [ticketmetal-backend] revision [ticketmetal-backend-00006-sn9] has been deployed and is serving 100 percent of traffic.
Service URL: https://ticketmetal-backend-981091216774.us-central1.run.app
[0;32m✅ Backend deployado: https://ticketmetal-backend-qcgtc4x47q-uc.a.run.app[0m
[0;34m🎨 Deploy do Frontend User...[0m
[1;33m📦 Construindo imagem do frontend user...[0m
#0 building with "desktop-linux" instance using docker driver

#1 [internal] load build definition from Dockerfile.prod
#1 transferring dockerfile: 724B done
#1 WARN: FromAsCasing: 'as' and 'FROM' keywords' casing do not match (line 2)
#1 DONE 0.0s

#2 [internal] load metadata for docker.io/library/node:18-alpine
#2 ...

#3 [internal] load metadata for docker.io/library/nginx:alpine
#3 DONE 1.9s

#2 [internal] load metadata for docker.io/library/node:18-alpine
#2 DONE 2.0s

#4 [internal] load .dockerignore
#4 transferring context: 2B done
#4 DONE 0.0s

#5 [stage-1 1/3] FROM docker.io/library/nginx:alpine@sha256:61e01287e546aac28a3f56839c136b31f590273f3b41187a36f46f6a03bbfe22
#5 resolve docker.io/library/nginx:alpine@sha256:61e01287e546aac28a3f56839c136b31f590273f3b41187a36f46f6a03bbfe22 0.0s done
#5 DONE 0.0s

#6 [build 1/6] FROM docker.io/library/node:18-alpine@sha256:8d6421d663b4c28fd3ebc498332f249011d118945588d0a35cb9bc4b8ca09d9e
#6 resolve docker.io/library/node:18-alpine@sha256:8d6421d663b4c28fd3ebc498332f249011d118945588d0a35cb9bc4b8ca09d9e 0.0s done
#6 DONE 0.0s

#7 [internal] load build context
#7 transferring context: 5.46MB 2.6s done
#7 DONE 2.7s

#8 [build 2/6] WORKDIR /app
#8 CACHED

#9 [build 3/6] COPY package*.json ./
#9 CACHED

#10 [build 4/6] RUN npm ci --only=production
#10 CACHED

#5 [stage-1 1/3] FROM docker.io/library/nginx:alpine@sha256:61e01287e546aac28a3f56839c136b31f590273f3b41187a36f46f6a03bbfe22
#5 CACHED

#11 [stage-1 2/3] COPY nginx.conf /etc/nginx/nginx.conf
#11 DONE 0.1s

#12 [build 5/6] COPY . .
#12 DONE 15.8s

#13 [build 6/6] RUN npm run build
#13 1.859 
#13 1.859 > ticketmetal-user@0.1.1 build
#13 1.859 > react-scripts build
#13 1.859 
#13 4.974 Creating an optimized production build...
#13 43.37 Compiled with warnings.
#13 43.37 
#13 43.37 [eslint] 
#13 43.37 src/components/Footer.tsx
#13 43.37   Line 3:10:    'Facebook' is defined but never used                                                                                                                                                                                                                                                                                                                               @typescript-eslint/no-unused-vars
#13 43.37   Line 3:20:    'Twitter' is defined but never used                                                                                                                                                                                                                                                                                                                                @typescript-eslint/no-unused-vars
#13 43.37   Line 3:46:    'Phone' is defined but never used                                                                                                                                                                                                                                                                                                                                  @typescript-eslint/no-unused-vars
#13 43.37   Line 3:53:    'MapPin' is defined but never used                                                                                                                                                                                                                                                                                                                                 @typescript-eslint/no-unused-vars
#13 43.37   Line 126:15:  The href attribute requires a valid value to be accessible. Provide a valid, navigable address as the href value. If you cannot provide a valid href, but still need the element to resemble a link, use a button and change it with appropriate styles. Learn more: https://github.com/jsx-eslint/eslint-plugin-jsx-a11y/blob/HEAD/docs/rules/anchor-is-valid.md  jsx-a11y/anchor-is-valid
#13 43.37   Line 129:15:  The href attribute requires a valid value to be accessible. Provide a valid, navigable address as the href value. If you cannot provide a valid href, but still need the element to resemble a link, use a button and change it with appropriate styles. Learn more: https://github.com/jsx-eslint/eslint-plugin-jsx-a11y/blob/HEAD/docs/rules/anchor-is-valid.md  jsx-a11y/anchor-is-valid
#13 43.37   Line 132:15:  The href attribute requires a valid value to be accessible. Provide a valid, navigable address as the href value. If you cannot provide a valid href, but still need the element to resemble a link, use a button and change it with appropriate styles. Learn more: https://github.com/jsx-eslint/eslint-plugin-jsx-a11y/blob/HEAD/docs/rules/anchor-is-valid.md  jsx-a11y/anchor-is-valid
#13 43.37 
#13 43.37 src/pages/Checkout.tsx
#13 43.37   Line 3:57:    'Mail' is defined but never used                                                                                                                                                                                                                                                                                                                                   @typescript-eslint/no-unused-vars
#13 43.37   Line 3:63:    'Phone' is defined but never used                                                                                                                                                                                                                                                                                                                                  @typescript-eslint/no-unused-vars
#13 43.37   Line 301:23:  The href attribute requires a valid value to be accessible. Provide a valid, navigable address as the href value. If you cannot provide a valid href, but still need the element to resemble a link, use a button and change it with appropriate styles. Learn more: https://github.com/jsx-eslint/eslint-plugin-jsx-a11y/blob/HEAD/docs/rules/anchor-is-valid.md  jsx-a11y/anchor-is-valid
#13 43.37   Line 305:23:  The href attribute requires a valid value to be accessible. Provide a valid, navigable address as the href value. If you cannot provide a valid href, but still need the element to resemble a link, use a button and change it with appropriate styles. Learn more: https://github.com/jsx-eslint/eslint-plugin-jsx-a11y/blob/HEAD/docs/rules/anchor-is-valid.md  jsx-a11y/anchor-is-valid
#13 43.37 
#13 43.37 src/pages/Home.tsx
#13 43.37   Line 3:53:  'Clock' is defined but never used           @typescript-eslint/no-unused-vars
#13 43.37   Line 52:9:  'stats' is assigned a value but never used  @typescript-eslint/no-unused-vars
#13 43.37 
#13 43.37 src/pages/Login.tsx
#13 43.37   Line 2:10:    'Link' is defined but never used                                                                                                                                                                                                                                                                                                                                   @typescript-eslint/no-unused-vars
#13 43.37   Line 179:13:  The href attribute requires a valid value to be accessible. Provide a valid, navigable address as the href value. If you cannot provide a valid href, but still need the element to resemble a link, use a button and change it with appropriate styles. Learn more: https://github.com/jsx-eslint/eslint-plugin-jsx-a11y/blob/HEAD/docs/rules/anchor-is-valid.md  jsx-a11y/anchor-is-valid
#13 43.37   Line 184:15:  The href attribute requires a valid value to be accessible. Provide a valid, navigable address as the href value. If you cannot provide a valid href, but still need the element to resemble a link, use a button and change it with appropriate styles. Learn more: https://github.com/jsx-eslint/eslint-plugin-jsx-a11y/blob/HEAD/docs/rules/anchor-is-valid.md  jsx-a11y/anchor-is-valid
#13 43.37 
#13 43.37 src/pages/MyTickets.tsx
#13 43.37   Line 3:10:  'apiService' is defined but never used  @typescript-eslint/no-unused-vars
#13 43.37 
#13 43.37 Search for the keywords to learn more about each warning.
#13 43.37 To ignore, add // eslint-disable-next-line to the line before.
#13 43.37 
#13 43.37 File sizes after gzip:
#13 43.37 
#13 43.39   115.43 kB (+208 B)  build/static/js/main.43f3a591.js
#13 43.39   5.76 kB (-35 B)     build/static/css/main.4e544c94.css
#13 43.39 
#13 43.39 The project was built assuming it is hosted at /.
#13 43.39 You can control this with the homepage field in your package.json.
#13 43.39 
#13 43.39 The build folder is ready to be deployed.
#13 43.39 You may serve it with a static server:
#13 43.39 
#13 43.39   npm install -g serve
#13 43.39   serve -s build
#13 43.39 
#13 43.39 Find out more about deployment here:
#13 43.39 
#13 43.39   https://cra.link/deployment
#13 43.39 
#13 DONE 43.9s

#14 [stage-1 3/3] COPY --from=build /app/build /usr/share/nginx/html
#14 DONE 0.1s

#15 exporting to image
#15 exporting layers 0.1s done
#15 exporting manifest sha256:e190d1a2e68e10d58092590e009e49677104e6f6f54130338fc45a1663954bac
#15 exporting manifest sha256:e190d1a2e68e10d58092590e009e49677104e6f6f54130338fc45a1663954bac done
#15 exporting config sha256:c5b2d1cd8a420bc60b79da214baa0cd9c3ad7991830aafa6e48f7086a87ba390 done
#15 exporting attestation manifest sha256:21b88d4df80ec1e2b1c9804a5f250b366a96d7ef584b446098f39253a2440120 done
#15 exporting manifest list sha256:e71c0b2747e40b9358451acf28d904baabb92b5ed4ea6cd35449df2a312e8f44 done
#15 naming to gcr.io/mnd-midias/ticketmetal-frontend-user:latest done
#15 DONE 0.2s

 [33m1 warning found (use docker --debug to expand):
[0m - FromAsCasing: 'as' and 'FROM' keywords' casing do not match (line 2)
[1;33m📤 Enviando imagem para registry...[0m
The push refers to repository [gcr.io/mnd-midias/ticketmetal-frontend-user]
83ce83cd9960: Waiting
7fb80c2f28bc: Waiting
e2d0ea5d3690: Waiting
621a51978ed7: Waiting
f80aba050ead: Waiting
03e63548f209: Waiting
a73a26455ef4: Waiting
93d4a2a2a879: Waiting
76c9bcaa4163: Waiting
2d35ebdb57d9: Waiting
61c18a30c492: Waiting
a73a26455ef4: Waiting
93d4a2a2a879: Waiting
76c9bcaa4163: Waiting
2d35ebdb57d9: Waiting
61c18a30c492: Waiting
83ce83cd9960: Waiting
7fb80c2f28bc: Waiting
e2d0ea5d3690: Waiting
621a51978ed7: Waiting
f80aba050ead: Waiting
03e63548f209: Waiting
621a51978ed7: Waiting
f80aba050ead: Waiting
03e63548f209: Waiting
83ce83cd9960: Waiting
7fb80c2f28bc: Waiting
e2d0ea5d3690: Waiting
2d35ebdb57d9: Waiting
61c18a30c492: Waiting
a73a26455ef4: Waiting
93d4a2a2a879: Waiting
76c9bcaa4163: Waiting
621a51978ed7: Waiting
f80aba050ead: Waiting
03e63548f209: Waiting
83ce83cd9960: Waiting
7fb80c2f28bc: Waiting
e2d0ea5d3690: Waiting
2d35ebdb57d9: Waiting
61c18a30c492: Waiting
a73a26455ef4: Waiting
93d4a2a2a879: Waiting
76c9bcaa4163: Waiting
f80aba050ead: Waiting
03e63548f209: Waiting
83ce83cd9960: Waiting
7fb80c2f28bc: Waiting
e2d0ea5d3690: Waiting
621a51978ed7: Waiting
61c18a30c492: Waiting
a73a26455ef4: Waiting
93d4a2a2a879: Waiting
76c9bcaa4163: Waiting
2d35ebdb57d9: Waiting
83ce83cd9960: Waiting
7fb80c2f28bc: Waiting
e2d0ea5d3690: Waiting
621a51978ed7: Waiting
f80aba050ead: Waiting
03e63548f209: Waiting
a73a26455ef4: Waiting
93d4a2a2a879: Waiting
76c9bcaa4163: Waiting
2d35ebdb57d9: Waiting
61c18a30c492: Waiting
a73a26455ef4: Waiting
93d4a2a2a879: Waiting
76c9bcaa4163: Waiting
2d35ebdb57d9: Waiting
61c18a30c492: Waiting
03e63548f209: Waiting
83ce83cd9960: Waiting
7fb80c2f28bc: Waiting
e2d0ea5d3690: Waiting
621a51978ed7: Waiting
f80aba050ead: Waiting
621a51978ed7: Waiting
f80aba050ead: Waiting
03e63548f209: Waiting
83ce83cd9960: Waiting
7fb80c2f28bc: Waiting
e2d0ea5d3690: Waiting
2d35ebdb57d9: Waiting
61c18a30c492: Waiting
a73a26455ef4: Waiting
93d4a2a2a879: Waiting
76c9bcaa4163: Waiting
83ce83cd9960: Waiting
7fb80c2f28bc: Waiting
e2d0ea5d3690: Waiting
621a51978ed7: Waiting
f80aba050ead: Waiting
03e63548f209: Waiting
a73a26455ef4: Waiting
93d4a2a2a879: Waiting
76c9bcaa4163: Waiting
2d35ebdb57d9: Waiting
61c18a30c492: Waiting
83ce83cd9960: Waiting
7fb80c2f28bc: Waiting
e2d0ea5d3690: Waiting
621a51978ed7: Waiting
f80aba050ead: Waiting
03e63548f209: Waiting
a73a26455ef4: Waiting
93d4a2a2a879: Waiting
76c9bcaa4163: Waiting
2d35ebdb57d9: Waiting
61c18a30c492: Waiting
a73a26455ef4: Waiting
93d4a2a2a879: Waiting
76c9bcaa4163: Waiting
2d35ebdb57d9: Waiting
61c18a30c492: Waiting
83ce83cd9960: Waiting
7fb80c2f28bc: Waiting
e2d0ea5d3690: Waiting
621a51978ed7: Waiting
f80aba050ead: Waiting
03e63548f209: Waiting
83ce83cd9960: Waiting
7fb80c2f28bc: Waiting
e2d0ea5d3690: Waiting
621a51978ed7: Waiting
f80aba050ead: Waiting
03e63548f209: Waiting
a73a26455ef4: Waiting
93d4a2a2a879: Waiting
76c9bcaa4163: Waiting
2d35ebdb57d9: Waiting
61c18a30c492: Waiting
7fb80c2f28bc: Waiting
e2d0ea5d3690: Waiting
621a51978ed7: Waiting
f80aba050ead: Waiting
03e63548f209: Waiting
83ce83cd9960: Waiting
93d4a2a2a879: Waiting
76c9bcaa4163: Waiting
2d35ebdb57d9: Waiting
61c18a30c492: Waiting
a73a26455ef4: Waiting
621a51978ed7: Waiting
f80aba050ead: Waiting
03e63548f209: Waiting
83ce83cd9960: Waiting
7fb80c2f28bc: Waiting
e2d0ea5d3690: Waiting
2d35ebdb57d9: Waiting
61c18a30c492: Waiting
a73a26455ef4: Waiting
93d4a2a2a879: Waiting
76c9bcaa4163: Waiting
f80aba050ead: Waiting
03e63548f209: Waiting
83ce83cd9960: Waiting
7fb80c2f28bc: Waiting
e2d0ea5d3690: Waiting
621a51978ed7: Waiting
61c18a30c492: Waiting
a73a26455ef4: Waiting
93d4a2a2a879: Waiting
76c9bcaa4163: Waiting
2d35ebdb57d9: Waiting
7fb80c2f28bc: Waiting
e2d0ea5d3690: Waiting
621a51978ed7: Waiting
f80aba050ead: Waiting
03e63548f209: Waiting
83ce83cd9960: Waiting
93d4a2a2a879: Waiting
76c9bcaa4163: Waiting
2d35ebdb57d9: Waiting
61c18a30c492: Waiting
a73a26455ef4: Waiting
83ce83cd9960: Waiting
7fb80c2f28bc: Waiting
e2d0ea5d3690: Waiting
621a51978ed7: Waiting
f80aba050ead: Waiting
03e63548f209: Waiting
a73a26455ef4: Waiting
93d4a2a2a879: Waiting
76c9bcaa4163: Waiting
2d35ebdb57d9: Waiting
61c18a30c492: Waiting
a73a26455ef4: Waiting
93d4a2a2a879: Waiting
76c9bcaa4163: Waiting
2d35ebdb57d9: Waiting
61c18a30c492: Waiting
03e63548f209: Waiting
83ce83cd9960: Waiting
7fb80c2f28bc: Waiting
e2d0ea5d3690: Waiting
621a51978ed7: Waiting
f80aba050ead: Waiting
61c18a30c492: Waiting
a73a26455ef4: Waiting
93d4a2a2a879: Waiting
76c9bcaa4163: Waiting
2d35ebdb57d9: Waiting
f80aba050ead: Waiting
03e63548f209: Waiting
83ce83cd9960: Waiting
7fb80c2f28bc: Waiting
e2d0ea5d3690: Waiting
621a51978ed7: Waiting
a73a26455ef4: Waiting
93d4a2a2a879: Waiting
76c9bcaa4163: Waiting
2d35ebdb57d9: Waiting
61c18a30c492: Waiting
83ce83cd9960: Waiting
7fb80c2f28bc: Waiting
e2d0ea5d3690: Waiting
621a51978ed7: Waiting
f80aba050ead: Waiting
03e63548f209: Waiting
83ce83cd9960: Waiting
7fb80c2f28bc: Waiting
e2d0ea5d3690: Waiting
621a51978ed7: Waiting
f80aba050ead: Waiting
03e63548f209: Waiting
a73a26455ef4: Waiting
93d4a2a2a879: Waiting
76c9bcaa4163: Waiting
2d35ebdb57d9: Waiting
61c18a30c492: Waiting
61c18a30c492: Waiting
a73a26455ef4: Waiting
93d4a2a2a879: Waiting
76c9bcaa4163: Waiting
2d35ebdb57d9: Waiting
f80aba050ead: Waiting
03e63548f209: Waiting
83ce83cd9960: Waiting
7fb80c2f28bc: Waiting
e2d0ea5d3690: Waiting
621a51978ed7: Waiting
a73a26455ef4: Waiting
93d4a2a2a879: Waiting
76c9bcaa4163: Waiting
2d35ebdb57d9: Waiting
61c18a30c492: Waiting
83ce83cd9960: Waiting
7fb80c2f28bc: Waiting
e2d0ea5d3690: Waiting
621a51978ed7: Waiting
f80aba050ead: Waiting
03e63548f209: Waiting
03e63548f209: Waiting
83ce83cd9960: Waiting
7fb80c2f28bc: Waiting
e2d0ea5d3690: Waiting
621a51978ed7: Waiting
f80aba050ead: Waiting
a73a26455ef4: Waiting
93d4a2a2a879: Waiting
76c9bcaa4163: Waiting
2d35ebdb57d9: Waiting
61c18a30c492: Waiting
83ce83cd9960: Waiting
7fb80c2f28bc: Waiting
e2d0ea5d3690: Waiting
621a51978ed7: Waiting
f80aba050ead: Layer already exists
03e63548f209: Layer already exists
a73a26455ef4: Waiting
93d4a2a2a879: Waiting
76c9bcaa4163: Waiting
2d35ebdb57d9: Waiting
61c18a30c492: Waiting
7fb80c2f28bc: Layer already exists
e2d0ea5d3690: Waiting
621a51978ed7: Layer already exists
83ce83cd9960: Waiting
93d4a2a2a879: Waiting
76c9bcaa4163: Waiting
2d35ebdb57d9: Waiting
61c18a30c492: Waiting
a73a26455ef4: Waiting
61c18a30c492: Waiting
a73a26455ef4: Waiting
93d4a2a2a879: Waiting
76c9bcaa4163: Waiting
2d35ebdb57d9: Waiting
83ce83cd9960: Waiting
e2d0ea5d3690: Waiting
61c18a30c492: Waiting
a73a26455ef4: Waiting
93d4a2a2a879: Waiting
76c9bcaa4163: Waiting
2d35ebdb57d9: Waiting
83ce83cd9960: Waiting
e2d0ea5d3690: Waiting
2d35ebdb57d9: Layer already exists
61c18a30c492: Waiting
a73a26455ef4: Waiting
93d4a2a2a879: Waiting
76c9bcaa4163: Waiting
83ce83cd9960: Waiting
e2d0ea5d3690: Waiting
a73a26455ef4: Waiting
93d4a2a2a879: Waiting
76c9bcaa4163: Waiting
61c18a30c492: Waiting
83ce83cd9960: Waiting
e2d0ea5d3690: Waiting
83ce83cd9960: Waiting
e2d0ea5d3690: Waiting
a73a26455ef4: Waiting
93d4a2a2a879: Waiting
76c9bcaa4163: Waiting
61c18a30c492: Waiting
a73a26455ef4: Waiting
93d4a2a2a879: Waiting
76c9bcaa4163: Layer already exists
61c18a30c492: Waiting
83ce83cd9960: Layer already exists
e2d0ea5d3690: Layer already exists
61c18a30c492: Waiting
a73a26455ef4: Pushed
61c18a30c492: Pushed
93d4a2a2a879: Pushed
latest: digest: sha256:e71c0b2747e40b9358451acf28d904baabb92b5ed4ea6cd35449df2a312e8f44 size: 856
[1;33m🚀 Deployando para Cloud Run...[0m
Deploying container to Cloud Run service [ticketmetal-frontend-user] in project [mnd-midias] region [us-central1]
Deploying...
Setting IAM Policy..........................done
Creating Revision......................................................................................................................................................................................................................................................................................................................................................................................................................................................................................................................................................................................................................................................................................................................................................................................................................................................done
Routing traffic.....done
Done.
Service [ticketmetal-frontend-user] revision [ticketmetal-frontend-user-00006-bmp] has been deployed and is serving 100 percent of traffic.
Service URL: https://ticketmetal-frontend-user-981091216774.us-central1.run.app
[0;32m✅ Frontend User deployado: https://ticketmetal-frontend-user-qcgtc4x47q-uc.a.run.app[0m
[0;34m⚙️  Deploy do Frontend Admin...[0m
[1;33m📦 Construindo imagem do frontend admin...[0m
#0 building with "desktop-linux" instance using docker driver

#1 [internal] load build definition from Dockerfile.prod
#1 transferring dockerfile: 725B done
#1 WARN: FromAsCasing: 'as' and 'FROM' keywords' casing do not match (line 2)
#1 DONE 0.0s

#2 [internal] load metadata for docker.io/library/node:18-alpine
#2 ...

#3 [internal] load metadata for docker.io/library/nginx:alpine
#3 DONE 0.7s

#2 [internal] load metadata for docker.io/library/node:18-alpine
#2 DONE 0.7s

#4 [internal] load .dockerignore
#4 transferring context: 2B 0.0s done
#4 DONE 0.0s

#5 [build 1/6] FROM docker.io/library/node:18-alpine@sha256:8d6421d663b4c28fd3ebc498332f249011d118945588d0a35cb9bc4b8ca09d9e
#5 resolve docker.io/library/node:18-alpine@sha256:8d6421d663b4c28fd3ebc498332f249011d118945588d0a35cb9bc4b8ca09d9e 0.0s done
#5 DONE 0.0s

#6 [stage-1 1/3] FROM docker.io/library/nginx:alpine@sha256:61e01287e546aac28a3f56839c136b31f590273f3b41187a36f46f6a03bbfe22
#6 resolve docker.io/library/nginx:alpine@sha256:61e01287e546aac28a3f56839c136b31f590273f3b41187a36f46f6a03bbfe22 0.0s done
#6 DONE 0.0s

#7 [internal] load build context
#7 transferring context: 2.68kB done
#7 DONE 0.0s

#8 [build 2/6] WORKDIR /app
#8 CACHED

#9 [build 3/6] COPY package*.json ./
#9 CACHED

#10 [build 4/6] RUN npm ci --only=production
#10 CACHED

#11 [build 5/6] COPY . .
#11 DONE 0.0s

#12 [build 6/6] RUN npm run build
#12 0.898 
#12 0.898 > ticketmetal-admin@0.1.0 build
#12 0.898 > react-scripts build
#12 0.898 
#12 3.890 Creating an optimized production build...
#12 25.52 Compiled with warnings.
#12 25.52 
#12 25.52 [eslint] 
#12 25.52 src/contexts/AuthContext.tsx
#12 25.52   Line 43:19:  'setLoading' is assigned a value but never used  @typescript-eslint/no-unused-vars
#12 25.52 
#12 25.52 src/pages/EventDetails.tsx
#12 25.52   Line 6:11:  'id' is assigned a value but never used  @typescript-eslint/no-unused-vars
#12 25.52 
#12 25.52 src/pages/Login.tsx
#12 25.52   Line 165:13:  The href attribute requires a valid value to be accessible. Provide a valid, navigable address as the href value. If you cannot provide a valid href, but still need the element to resemble a link, use a button and change it with appropriate styles. Learn more: https://github.com/jsx-eslint/eslint-plugin-jsx-a11y/blob/HEAD/docs/rules/anchor-is-valid.md  jsx-a11y/anchor-is-valid
#12 25.52 
#12 25.52 Search for the keywords to learn more about each warning.
#12 25.52 To ignore, add // eslint-disable-next-line to the line before.
#12 25.52 
#12 25.52 File sizes after gzip:
#12 25.52 
#12 25.54   68.92 kB  build/static/js/main.0b0473da.js
#12 25.54   4.58 kB   build/static/css/main.fb4df967.css
#12 25.54 
#12 25.54 The project was built assuming it is hosted at /.
#12 25.54 You can control this with the homepage field in your package.json.
#12 25.54 
#12 25.54 The build folder is ready to be deployed.
#12 25.54 You may serve it with a static server:
#12 25.54 
#12 25.54   npm install -g serve
#12 25.54   serve -s build
#12 25.54 
#12 25.54 Find out more about deployment here:
#12 25.54 
#12 25.54   https://cra.link/deployment
#12 25.54 
#12 DONE 25.9s

#13 [stage-1 2/3] COPY nginx.conf /etc/nginx/nginx.conf
#13 CACHED

#14 [stage-1 3/3] COPY --from=build /app/build /usr/share/nginx/html
#14 DONE 0.0s

#15 exporting to image
#15 exporting layers 0.1s done
#15 exporting manifest sha256:c1033a004f6cb515c38f871cfd246b006abc927bb273ff89c0e9fb4152d5bced done
#15 exporting config sha256:69f4e6572e5df10241ca6690e441c7d77fdf1e10651ee0ce3c8cd0e9e7e1f670
#15 exporting config sha256:69f4e6572e5df10241ca6690e441c7d77fdf1e10651ee0ce3c8cd0e9e7e1f670 done
#15 exporting attestation manifest sha256:d675c1743967320965df1a93d75e4caa337d8f6959ece4bc178a13c83a7d05f7 done
#15 exporting manifest list sha256:6ad3fbaa1904c1350adca2fa1db00f81474d32402ae1fa6d5aab2e9042631da3 done
#15 naming to gcr.io/mnd-midias/ticketmetal-frontend-admin:latest done
#15 DONE 0.1s

 [33m1 warning found (use docker --debug to expand):
[0m - FromAsCasing: 'as' and 'FROM' keywords' casing do not match (line 2)
[1;33m📤 Enviando imagem para registry...[0m
The push refers to repository [gcr.io/mnd-midias/ticketmetal-frontend-admin]
b6e7ba6dfd64: Waiting
f80aba050ead: Waiting
83ce83cd9960: Waiting
7fb80c2f28bc: Waiting
61c18a30c492: Waiting
76c9bcaa4163: Waiting
aba0798a7953: Waiting
2d35ebdb57d9: Waiting
621a51978ed7: Waiting
03e63548f209: Waiting
e2d0ea5d3690: Waiting
b6e7ba6dfd64: Waiting
f80aba050ead: Waiting
83ce83cd9960: Waiting
7fb80c2f28bc: Waiting
61c18a30c492: Waiting
76c9bcaa4163: Waiting
aba0798a7953: Waiting
2d35ebdb57d9: Waiting
621a51978ed7: Waiting
03e63548f209: Waiting
e2d0ea5d3690: Waiting
61c18a30c492: Waiting
76c9bcaa4163: Waiting
b6e7ba6dfd64: Waiting
f80aba050ead: Waiting
83ce83cd9960: Waiting
7fb80c2f28bc: Waiting
e2d0ea5d3690: Waiting
aba0798a7953: Waiting
2d35ebdb57d9: Waiting
621a51978ed7: Waiting
03e63548f209: Waiting
7fb80c2f28bc: Waiting
61c18a30c492: Waiting
76c9bcaa4163: Waiting
b6e7ba6dfd64: Waiting
f80aba050ead: Waiting
83ce83cd9960: Waiting
03e63548f209: Waiting
e2d0ea5d3690: Waiting
aba0798a7953: Waiting
2d35ebdb57d9: Waiting
621a51978ed7: Waiting
aba0798a7953: Waiting
2d35ebdb57d9: Waiting
621a51978ed7: Waiting
03e63548f209: Waiting
e2d0ea5d3690: Waiting
76c9bcaa4163: Waiting
b6e7ba6dfd64: Waiting
f80aba050ead: Waiting
83ce83cd9960: Waiting
7fb80c2f28bc: Waiting
61c18a30c492: Waiting
f80aba050ead: Waiting
83ce83cd9960: Waiting
7fb80c2f28bc: Waiting
61c18a30c492: Waiting
76c9bcaa4163: Waiting
b6e7ba6dfd64: Waiting
2d35ebdb57d9: Waiting
621a51978ed7: Waiting
03e63548f209: Waiting
e2d0ea5d3690: Waiting
aba0798a7953: Waiting
aba0798a7953: Waiting
2d35ebdb57d9: Waiting
621a51978ed7: Waiting
03e63548f209: Waiting
e2d0ea5d3690: Waiting
b6e7ba6dfd64: Waiting
f80aba050ead: Waiting
83ce83cd9960: Waiting
7fb80c2f28bc: Waiting
61c18a30c492: Waiting
76c9bcaa4163: Waiting
7fb80c2f28bc: Waiting
61c18a30c492: Waiting
76c9bcaa4163: Waiting
b6e7ba6dfd64: Waiting
f80aba050ead: Waiting
83ce83cd9960: Waiting
03e63548f209: Waiting
e2d0ea5d3690: Waiting
aba0798a7953: Waiting
2d35ebdb57d9: Waiting
621a51978ed7: Waiting
aba0798a7953: Waiting
2d35ebdb57d9: Waiting
621a51978ed7: Waiting
03e63548f209: Waiting
e2d0ea5d3690: Waiting
76c9bcaa4163: Waiting
b6e7ba6dfd64: Waiting
f80aba050ead: Waiting
83ce83cd9960: Waiting
7fb80c2f28bc: Waiting
61c18a30c492: Waiting
2d35ebdb57d9: Waiting
621a51978ed7: Waiting
03e63548f209: Waiting
e2d0ea5d3690: Waiting
aba0798a7953: Waiting
f80aba050ead: Waiting
83ce83cd9960: Waiting
7fb80c2f28bc: Waiting
61c18a30c492: Waiting
76c9bcaa4163: Waiting
b6e7ba6dfd64: Waiting
76c9bcaa4163: Waiting
b6e7ba6dfd64: Waiting
f80aba050ead: Waiting
83ce83cd9960: Waiting
7fb80c2f28bc: Waiting
61c18a30c492: Waiting
aba0798a7953: Waiting
2d35ebdb57d9: Waiting
621a51978ed7: Waiting
03e63548f209: Waiting
e2d0ea5d3690: Waiting
b6e7ba6dfd64: Waiting
f80aba050ead: Waiting
83ce83cd9960: Waiting
7fb80c2f28bc: Waiting
61c18a30c492: Waiting
76c9bcaa4163: Waiting
aba0798a7953: Waiting
2d35ebdb57d9: Waiting
621a51978ed7: Waiting
03e63548f209: Waiting
e2d0ea5d3690: Waiting
aba0798a7953: Waiting
2d35ebdb57d9: Waiting
621a51978ed7: Waiting
03e63548f209: Waiting
e2d0ea5d3690: Waiting
b6e7ba6dfd64: Waiting
f80aba050ead: Waiting
83ce83cd9960: Waiting
7fb80c2f28bc: Waiting
61c18a30c492: Waiting
76c9bcaa4163: Waiting
aba0798a7953: Waiting
2d35ebdb57d9: Waiting
621a51978ed7: Waiting
03e63548f209: Waiting
e2d0ea5d3690: Waiting
b6e7ba6dfd64: Waiting
f80aba050ead: Waiting
83ce83cd9960: Waiting
7fb80c2f28bc: Waiting
61c18a30c492: Waiting
76c9bcaa4163: Waiting
b6e7ba6dfd64: Waiting
f80aba050ead: Waiting
83ce83cd9960: Waiting
7fb80c2f28bc: Waiting
61c18a30c492: Waiting
76c9bcaa4163: Waiting
aba0798a7953: Waiting
2d35ebdb57d9: Waiting
621a51978ed7: Waiting
03e63548f209: Waiting
e2d0ea5d3690: Waiting
b6e7ba6dfd64: Waiting
f80aba050ead: Waiting
83ce83cd9960: Waiting
7fb80c2f28bc: Waiting
61c18a30c492: Waiting
76c9bcaa4163: Waiting
aba0798a7953: Waiting
2d35ebdb57d9: Waiting
621a51978ed7: Waiting
03e63548f209: Waiting
e2d0ea5d3690: Waiting
2d35ebdb57d9: Waiting
621a51978ed7: Waiting
03e63548f209: Waiting
e2d0ea5d3690: Waiting
aba0798a7953: Waiting
f80aba050ead: Waiting
83ce83cd9960: Waiting
7fb80c2f28bc: Waiting
61c18a30c492: Waiting
76c9bcaa4163: Waiting
b6e7ba6dfd64: Waiting
f80aba050ead: Waiting
83ce83cd9960: Waiting
7fb80c2f28bc: Waiting
61c18a30c492: Waiting
76c9bcaa4163: Waiting
b6e7ba6dfd64: Waiting
2d35ebdb57d9: Waiting
621a51978ed7: Waiting
03e63548f209: Waiting
e2d0ea5d3690: Waiting
aba0798a7953: Waiting
621a51978ed7: Waiting
03e63548f209: Waiting
e2d0ea5d3690: Waiting
aba0798a7953: Waiting
2d35ebdb57d9: Waiting
83ce83cd9960: Waiting
7fb80c2f28bc: Waiting
61c18a30c492: Waiting
76c9bcaa4163: Waiting
b6e7ba6dfd64: Waiting
f80aba050ead: Waiting
03e63548f209: Waiting
e2d0ea5d3690: Waiting
aba0798a7953: Waiting
2d35ebdb57d9: Waiting
621a51978ed7: Waiting
7fb80c2f28bc: Waiting
61c18a30c492: Waiting
76c9bcaa4163: Waiting
b6e7ba6dfd64: Waiting
f80aba050ead: Waiting
83ce83cd9960: Waiting
aba0798a7953: Waiting
2d35ebdb57d9: Waiting
621a51978ed7: Waiting
03e63548f209: Waiting
e2d0ea5d3690: Waiting
76c9bcaa4163: Waiting
b6e7ba6dfd64: Waiting
f80aba050ead: Waiting
83ce83cd9960: Waiting
7fb80c2f28bc: Waiting
61c18a30c492: Waiting
b6e7ba6dfd64: Waiting
f80aba050ead: Waiting
83ce83cd9960: Waiting
7fb80c2f28bc: Waiting
61c18a30c492: Waiting
76c9bcaa4163: Waiting
aba0798a7953: Waiting
2d35ebdb57d9: Waiting
621a51978ed7: Waiting
03e63548f209: Waiting
e2d0ea5d3690: Waiting
2d35ebdb57d9: Waiting
621a51978ed7: Waiting
03e63548f209: Waiting
e2d0ea5d3690: Waiting
aba0798a7953: Waiting
f80aba050ead: Waiting
83ce83cd9960: Waiting
7fb80c2f28bc: Waiting
61c18a30c492: Waiting
76c9bcaa4163: Waiting
b6e7ba6dfd64: Waiting
aba0798a7953: Waiting
2d35ebdb57d9: Waiting
621a51978ed7: Waiting
03e63548f209: Waiting
e2d0ea5d3690: Layer already exists
b6e7ba6dfd64: Waiting
f80aba050ead: Waiting
83ce83cd9960: Waiting
7fb80c2f28bc: Waiting
61c18a30c492: Waiting
76c9bcaa4163: Waiting
83ce83cd9960: Waiting
7fb80c2f28bc: Waiting
61c18a30c492: Waiting
76c9bcaa4163: Waiting
b6e7ba6dfd64: Waiting
f80aba050ead: Waiting
621a51978ed7: Layer already exists
03e63548f209: Waiting
aba0798a7953: Waiting
2d35ebdb57d9: Waiting
76c9bcaa4163: Layer already exists
b6e7ba6dfd64: Waiting
f80aba050ead: Waiting
83ce83cd9960: Waiting
7fb80c2f28bc: Waiting
61c18a30c492: Layer already exists
aba0798a7953: Waiting
2d35ebdb57d9: Waiting
03e63548f209: Layer already exists
b6e7ba6dfd64: Waiting
f80aba050ead: Waiting
83ce83cd9960: Waiting
7fb80c2f28bc: Waiting
2d35ebdb57d9: Waiting
b6e7ba6dfd64: Waiting
f80aba050ead: Waiting
83ce83cd9960: Waiting
7fb80c2f28bc: Waiting
2d35ebdb57d9: Waiting
2d35ebdb57d9: Waiting
7fb80c2f28bc: Layer already exists
b6e7ba6dfd64: Waiting
f80aba050ead: Waiting
83ce83cd9960: Waiting
b6e7ba6dfd64: Waiting
f80aba050ead: Waiting
83ce83cd9960: Waiting
2d35ebdb57d9: Waiting
b6e7ba6dfd64: Waiting
f80aba050ead: Waiting
83ce83cd9960: Layer already exists
2d35ebdb57d9: Waiting
2d35ebdb57d9: Layer already exists
b6e7ba6dfd64: Waiting
f80aba050ead: Layer already exists
b6e7ba6dfd64: Waiting
aba0798a7953: Pushed
b6e7ba6dfd64: Pushed
latest: digest: sha256:6ad3fbaa1904c1350adca2fa1db00f81474d32402ae1fa6d5aab2e9042631da3 size: 856
[1;33m🚀 Deployando para Cloud Run...[0m
Deploying container to Cloud Run service [ticketmetal-frontend-admin] in project [mnd-midias] region [us-central1]
Deploying...
Setting IAM Policy....................done
Creating Revision..........................................................................................................................................................................................................................................................................................................................................................................................................................................................................................................................................................................................................................done
Routing traffic.....done
Done.
Service [ticketmetal-frontend-admin] revision [ticketmetal-frontend-admin-00005-sp5] has been deployed and is serving 100 percent of traffic.
Service URL: https://ticketmetal-frontend-admin-981091216774.us-central1.run.app
[0;32m✅ Frontend Admin deployado: https://ticketmetal-frontend-admin-qcgtc4x47q-uc.a.run.app[0m

[0;32m🎉 Deploy concluído com sucesso![0m

[0;34m📋 URLs de Produção:[0m
[0;32m🔧 Backend:[0m https://ticketmetal-backend-qcgtc4x47q-uc.a.run.app
[0;32m👥 Frontend User:[0m https://ticketmetal-frontend-user-qcgtc4x47q-uc.a.run.app
[0;32m⚙️  Frontend Admin:[0m https://ticketmetal-frontend-admin-qcgtc4x47q-uc.a.run.app

[1;33m💡 Dicas:[0m
• As URLs podem levar alguns minutos para ficarem totalmente ativas
• Cloud Run escala automaticamente baseado na demanda
• Você só paga pelo uso real (pay-per-use)
• Para parar os serviços: gcloud run services delete [SERVICE_NAME] --region=us-central1

[0;34m🔗 Acesse suas aplicações:[0m
• Usuários: https://ticketmetal-frontend-user-qcgtc4x47q-uc.a.run.app
• Administradores: https://ticketmetal-frontend-admin-qcgtc4x47q-uc.a.run.app
• API: https://ticketmetal-backend-qcgtc4x47q-uc.a.run.app/docs
